This is pdfTeX, Version 3.141592653-2.6-1.40.23 (TeX Live 2022/dev) (preloaded format=pdflatex 2021.11.1)  29 JAN 2023 14:48
entering extended mode
 \write18 enabled.
 file:line:error style messages enabled.
 %&-line parsing enabled.
**"/Users/SidharrthNagappan/Documents/University/Polito/Comp Intel/project/report/main.tex"
(/Users/SidharrthNagappan/Documents/University/Polito/Comp Intel/project/report/main.tex
LaTeX2e <2021-06-01> patch level 1
L3 programming layer <2021-10-18> (/usr/local/texlive/2021/texmf-dist/tex/latex/base/article.cls
Document Class: article 2021/02/12 v1.4n Standard LaTeX document class
(/usr/local/texlive/2021/texmf-dist/tex/latex/base/size12.clo
File: size12.clo 2021/02/12 v1.4n Standard LaTeX file (size option)
)
\c@part=\count182
\c@section=\count183
\c@subsection=\count184
\c@subsubsection=\count185
\c@paragraph=\count186
\c@subparagraph=\count187
\c@figure=\count188
\c@table=\count189
\abovecaptionskip=\skip47
\belowcaptionskip=\skip48
\bibindent=\dimen138
) (/usr/local/texlive/2021/texmf-dist/tex/generic/babel/babel.sty
Package: babel 2021/10/19 3.65 The Babel package
\babel@savecnt=\count190
\U@D=\dimen139
\l@unhyphenated=\language87
 (/usr/local/texlive/2021/texmf-dist/tex/generic/babel/txtbabel.def)
\bbl@readstream=\read2
\bbl@dirlevel=\count191
 (/usr/local/texlive/2021/texmf-dist/tex/generic/babel-english/english.ldf
Language: english 2017/06/06 v3.3r English support from the babel system
Package babel Info: Hyphen rules for 'canadian' set to \l@english
(babel)             (\language0). Reported on input line 102.
Package babel Info: Hyphen rules for 'australian' set to \l@ukenglish
(babel)             (\language21). Reported on input line 105.
Package babel Info: Hyphen rules for 'newzealand' set to \l@ukenglish
(babel)             (\language21). Reported on input line 108.
)) (/usr/local/texlive/2021/texmf-dist/tex/latex/base/fontenc.sty
Package: fontenc 2021/04/29 v2.0v Standard LaTeX package
) (/usr/local/texlive/2021/texmf-dist/tex/latex/geometry/geometry.sty
Package: geometry 2020/01/02 v5.9 Page Geometry
 (/usr/local/texlive/2021/texmf-dist/tex/latex/graphics/keyval.sty
Package: keyval 2014/10/28 v1.15 key=value parser (DPC)
\KV@toks@=\toks16
) (/usr/local/texlive/2021/texmf-dist/tex/generic/iftex/ifvtex.sty
Package: ifvtex 2019/10/25 v1.7 ifvtex legacy package. Use iftex instead.
 (/usr/local/texlive/2021/texmf-dist/tex/generic/iftex/iftex.sty
Package: iftex 2020/03/06 v1.0d TeX engine tests
))
\Gm@cnth=\count192
\Gm@cntv=\count193
\c@Gm@tempcnt=\count194
\Gm@bindingoffset=\dimen140
\Gm@wd@mp=\dimen141
\Gm@odd@mp=\dimen142
\Gm@even@mp=\dimen143
\Gm@layoutwidth=\dimen144
\Gm@layoutheight=\dimen145
\Gm@layouthoffset=\dimen146
\Gm@layoutvoffset=\dimen147
\Gm@dimlist=\toks17
) (/usr/local/texlive/2021/texmf-dist/tex/latex/amsmath/amsmath.sty
Package: amsmath 2021/04/20 v2.17j AMS math features
\@mathmargin=\skip49

For additional information on amsmath, use the `?' option.
(/usr/local/texlive/2021/texmf-dist/tex/latex/amsmath/amstext.sty
Package: amstext 2000/06/29 v2.01 AMS text
 (/usr/local/texlive/2021/texmf-dist/tex/latex/amsmath/amsgen.sty
File: amsgen.sty 1999/11/30 v2.0 generic functions
\@emptytoks=\toks18
\ex@=\dimen148
)) (/usr/local/texlive/2021/texmf-dist/tex/latex/amsmath/amsbsy.sty
Package: amsbsy 1999/11/29 v1.2d Bold Symbols
\pmbraise@=\dimen149
) (/usr/local/texlive/2021/texmf-dist/tex/latex/amsmath/amsopn.sty
Package: amsopn 2016/03/08 v2.02 operator names
)
\inf@bad=\count195
LaTeX Info: Redefining \frac on input line 234.
\uproot@=\count196
\leftroot@=\count197
LaTeX Info: Redefining \overline on input line 399.
\classnum@=\count198
\DOTSCASE@=\count199
LaTeX Info: Redefining \ldots on input line 496.
LaTeX Info: Redefining \dots on input line 499.
LaTeX Info: Redefining \cdots on input line 620.
\Mathstrutbox@=\box50
\strutbox@=\box51
\big@size=\dimen150
LaTeX Font Info:    Redeclaring font encoding OML on input line 743.
LaTeX Font Info:    Redeclaring font encoding OMS on input line 744.
\macc@depth=\count266
\c@MaxMatrixCols=\count267
\dotsspace@=\muskip16
\c@parentequation=\count268
\dspbrk@lvl=\count269
\tag@help=\toks19
\row@=\count270
\column@=\count271
\maxfields@=\count272
\andhelp@=\toks20
\eqnshift@=\dimen151
\alignsep@=\dimen152
\tagshift@=\dimen153
\tagwidth@=\dimen154
\totwidth@=\dimen155
\lineht@=\dimen156
\@envbody=\toks21
\multlinegap=\skip50
\multlinetaggap=\skip51
\mathdisplay@stack=\toks22
LaTeX Info: Redefining \[ on input line 2923.
LaTeX Info: Redefining \] on input line 2924.
) (/usr/local/texlive/2021/texmf-dist/tex/latex/graphics/graphicx.sty
Package: graphicx 2020/12/05 v1.2c Enhanced LaTeX Graphics (DPC,SPQR)
 (/usr/local/texlive/2021/texmf-dist/tex/latex/graphics/graphics.sty
Package: graphics 2021/03/04 v1.4d Standard LaTeX Graphics (DPC,SPQR)
 (/usr/local/texlive/2021/texmf-dist/tex/latex/graphics/trig.sty
Package: trig 2016/01/03 v1.10 sin cos tan (DPC)
) (/usr/local/texlive/2021/texmf-dist/tex/latex/graphics-cfg/graphics.cfg
File: graphics.cfg 2016/06/04 v1.11 sample graphics configuration
)
Package graphics Info: Driver file: pdftex.def on input line 107.
 (/usr/local/texlive/2021/texmf-dist/tex/latex/graphics-def/pdftex.def
File: pdftex.def 2020/10/05 v1.2a Graphics/color driver for pdftex
))
\Gin@req@height=\dimen157
\Gin@req@width=\dimen158
) (/usr/local/texlive/2021/texmf-dist/tex/latex/todonotes/todonotes.sty
Package: todonotes 2021/06/04 v1.1.5 Todonotes source and documentation.
Package: todonotes 2021/06/04
 (/usr/local/texlive/2021/texmf-dist/tex/latex/base/ifthen.sty
Package: ifthen 2020/11/24 v1.1c Standard LaTeX ifthen package (DPC)
) (/usr/local/texlive/2021/texmf-dist/tex/latex/xkeyval/xkeyval.sty
Package: xkeyval 2020/11/20 v2.8 package option processing (HA)
 (/usr/local/texlive/2021/texmf-dist/tex/generic/xkeyval/xkeyval.tex (/usr/local/texlive/2021/texmf-dist/tex/generic/xkeyval/xkvutils.tex
\XKV@toks=\toks23
\XKV@tempa@toks=\toks24
)
\XKV@depth=\count273
File: xkeyval.tex 2014/12/03 v2.7a key=value parser (HA)
)) (/usr/local/texlive/2021/texmf-dist/tex/latex/xcolor/xcolor.sty
Package: xcolor 2016/05/11 v2.12 LaTeX color extensions (UK)
 (/usr/local/texlive/2021/texmf-dist/tex/latex/graphics-cfg/color.cfg
File: color.cfg 2016/01/02 v1.6 sample color configuration
)
Package xcolor Info: Driver file: pdftex.def on input line 225.
Package xcolor Info: Model `cmy' substituted by `cmy0' on input line 1348.
Package xcolor Info: Model `hsb' substituted by `rgb' on input line 1352.
Package xcolor Info: Model `RGB' extended on input line 1364.
Package xcolor Info: Model `HTML' substituted by `rgb' on input line 1366.
Package xcolor Info: Model `Hsb' substituted by `hsb' on input line 1367.
Package xcolor Info: Model `tHsb' substituted by `hsb' on input line 1368.
Package xcolor Info: Model `HSB' substituted by `hsb' on input line 1369.
Package xcolor Info: Model `Gray' substituted by `gray' on input line 1370.
Package xcolor Info: Model `wave' substituted by `hsb' on input line 1371.
) (/usr/local/texlive/2021/texmf-dist/tex/latex/pgf/frontendlayer/tikz.sty (/usr/local/texlive/2021/texmf-dist/tex/latex/pgf/basiclayer/pgf.sty (/usr/local/texlive/2021/texmf-dist/tex/latex/pgf/utilities/pgfrcs.sty (/usr/local/texlive/2021/texmf-dist/tex/generic/pgf/utilities/pgfutil-common.tex
\pgfutil@everybye=\toks25
\pgfutil@tempdima=\dimen159
\pgfutil@tempdimb=\dimen160
 (/usr/local/texlive/2021/texmf-dist/tex/generic/pgf/utilities/pgfutil-common-lists.tex)) (/usr/local/texlive/2021/texmf-dist/tex/generic/pgf/utilities/pgfutil-latex.def
\pgfutil@abb=\box52
) (/usr/local/texlive/2021/texmf-dist/tex/generic/pgf/utilities/pgfrcs.code.tex (/usr/local/texlive/2021/texmf-dist/tex/generic/pgf/pgf.revision.tex)
Package: pgfrcs 2021/05/15 v3.1.9a (3.1.9a)
))
Package: pgf 2021/05/15 v3.1.9a (3.1.9a)
 (/usr/local/texlive/2021/texmf-dist/tex/latex/pgf/basiclayer/pgfcore.sty (/usr/local/texlive/2021/texmf-dist/tex/latex/pgf/systemlayer/pgfsys.sty (/usr/local/texlive/2021/texmf-dist/tex/generic/pgf/systemlayer/pgfsys.code.tex
Package: pgfsys 2021/05/15 v3.1.9a (3.1.9a)
 (/usr/local/texlive/2021/texmf-dist/tex/generic/pgf/utilities/pgfkeys.code.tex
\pgfkeys@pathtoks=\toks26
\pgfkeys@temptoks=\toks27
 (/usr/local/texlive/2021/texmf-dist/tex/generic/pgf/utilities/pgfkeysfiltered.code.tex
\pgfkeys@tmptoks=\toks28
))
\pgf@x=\dimen161
\pgf@y=\dimen162
\pgf@xa=\dimen163
\pgf@ya=\dimen164
\pgf@xb=\dimen165
\pgf@yb=\dimen166
\pgf@xc=\dimen167
\pgf@yc=\dimen168
\pgf@xd=\dimen169
\pgf@yd=\dimen170
\w@pgf@writea=\write3
\r@pgf@reada=\read3
\c@pgf@counta=\count274
\c@pgf@countb=\count275
\c@pgf@countc=\count276
\c@pgf@countd=\count277
\t@pgf@toka=\toks29
\t@pgf@tokb=\toks30
\t@pgf@tokc=\toks31
\pgf@sys@id@count=\count278
 (/usr/local/texlive/2021/texmf-dist/tex/generic/pgf/systemlayer/pgf.cfg
File: pgf.cfg 2021/05/15 v3.1.9a (3.1.9a)
)
Driver file for pgf: pgfsys-pdftex.def
 (/usr/local/texlive/2021/texmf-dist/tex/generic/pgf/systemlayer/pgfsys-pdftex.def
File: pgfsys-pdftex.def 2021/05/15 v3.1.9a (3.1.9a)
 (/usr/local/texlive/2021/texmf-dist/tex/generic/pgf/systemlayer/pgfsys-common-pdf.def
File: pgfsys-common-pdf.def 2021/05/15 v3.1.9a (3.1.9a)
))) (/usr/local/texlive/2021/texmf-dist/tex/generic/pgf/systemlayer/pgfsyssoftpath.code.tex
File: pgfsyssoftpath.code.tex 2021/05/15 v3.1.9a (3.1.9a)
\pgfsyssoftpath@smallbuffer@items=\count279
\pgfsyssoftpath@bigbuffer@items=\count280
) (/usr/local/texlive/2021/texmf-dist/tex/generic/pgf/systemlayer/pgfsysprotocol.code.tex
File: pgfsysprotocol.code.tex 2021/05/15 v3.1.9a (3.1.9a)
)) (/usr/local/texlive/2021/texmf-dist/tex/generic/pgf/basiclayer/pgfcore.code.tex
Package: pgfcore 2021/05/15 v3.1.9a (3.1.9a)
 (/usr/local/texlive/2021/texmf-dist/tex/generic/pgf/math/pgfmath.code.tex (/usr/local/texlive/2021/texmf-dist/tex/generic/pgf/math/pgfmathcalc.code.tex (/usr/local/texlive/2021/texmf-dist/tex/generic/pgf/math/pgfmathutil.code.tex) (/usr/local/texlive/2021/texmf-dist/tex/generic/pgf/math/pgfmathparser.code.tex
\pgfmath@dimen=\dimen171
\pgfmath@count=\count281
\pgfmath@box=\box53
\pgfmath@toks=\toks32
\pgfmath@stack@operand=\toks33
\pgfmath@stack@operation=\toks34
) (/usr/local/texlive/2021/texmf-dist/tex/generic/pgf/math/pgfmathfunctions.code.tex (/usr/local/texlive/2021/texmf-dist/tex/generic/pgf/math/pgfmathfunctions.basic.code.tex) (/usr/local/texlive/2021/texmf-dist/tex/generic/pgf/math/pgfmathfunctions.trigonometric.code.tex) (/usr/local/texlive/2021/texmf-dist/tex/generic/pgf/math/pgfmathfunctions.random.code.tex) (/usr/local/texlive/2021/texmf-dist/tex/generic/pgf/math/pgfmathfunctions.comparison.code.tex) (/usr/local/texlive/2021/texmf-dist/tex/generic/pgf/math/pgfmathfunctions.base.code.tex) (/usr/local/texlive/2021/texmf-dist/tex/generic/pgf/math/pgfmathfunctions.round.code.tex) (/usr/local/texlive/2021/texmf-dist/tex/generic/pgf/math/pgfmathfunctions.misc.code.tex) (/usr/local/texlive/2021/texmf-dist/tex/generic/pgf/math/pgfmathfunctions.integerarithmetics.code.tex))) (/usr/local/texlive/2021/texmf-dist/tex/generic/pgf/math/pgfmathfloat.code.tex
\c@pgfmathroundto@lastzeros=\count282
)) (/usr/local/texlive/2021/texmf-dist/tex/generic/pgf/math/pgfint.code.tex) (/usr/local/texlive/2021/texmf-dist/tex/generic/pgf/basiclayer/pgfcorepoints.code.tex
File: pgfcorepoints.code.tex 2021/05/15 v3.1.9a (3.1.9a)
\pgf@picminx=\dimen172
\pgf@picmaxx=\dimen173
\pgf@picminy=\dimen174
\pgf@picmaxy=\dimen175
\pgf@pathminx=\dimen176
\pgf@pathmaxx=\dimen177
\pgf@pathminy=\dimen178
\pgf@pathmaxy=\dimen179
\pgf@xx=\dimen180
\pgf@xy=\dimen181
\pgf@yx=\dimen182
\pgf@yy=\dimen183
\pgf@zx=\dimen184
\pgf@zy=\dimen185
) (/usr/local/texlive/2021/texmf-dist/tex/generic/pgf/basiclayer/pgfcorepathconstruct.code.tex
File: pgfcorepathconstruct.code.tex 2021/05/15 v3.1.9a (3.1.9a)
\pgf@path@lastx=\dimen186
\pgf@path@lasty=\dimen187
) (/usr/local/texlive/2021/texmf-dist/tex/generic/pgf/basiclayer/pgfcorepathusage.code.tex
File: pgfcorepathusage.code.tex 2021/05/15 v3.1.9a (3.1.9a)
\pgf@shorten@end@additional=\dimen188
\pgf@shorten@start@additional=\dimen189
) (/usr/local/texlive/2021/texmf-dist/tex/generic/pgf/basiclayer/pgfcorescopes.code.tex
File: pgfcorescopes.code.tex 2021/05/15 v3.1.9a (3.1.9a)
\pgfpic=\box54
\pgf@hbox=\box55
\pgf@layerbox@main=\box56
\pgf@picture@serial@count=\count283
) (/usr/local/texlive/2021/texmf-dist/tex/generic/pgf/basiclayer/pgfcoregraphicstate.code.tex
File: pgfcoregraphicstate.code.tex 2021/05/15 v3.1.9a (3.1.9a)
\pgflinewidth=\dimen190
) (/usr/local/texlive/2021/texmf-dist/tex/generic/pgf/basiclayer/pgfcoretransformations.code.tex
File: pgfcoretransformations.code.tex 2021/05/15 v3.1.9a (3.1.9a)
\pgf@pt@x=\dimen191
\pgf@pt@y=\dimen192
\pgf@pt@temp=\dimen193
) (/usr/local/texlive/2021/texmf-dist/tex/generic/pgf/basiclayer/pgfcorequick.code.tex
File: pgfcorequick.code.tex 2021/05/15 v3.1.9a (3.1.9a)
) (/usr/local/texlive/2021/texmf-dist/tex/generic/pgf/basiclayer/pgfcoreobjects.code.tex
File: pgfcoreobjects.code.tex 2021/05/15 v3.1.9a (3.1.9a)
) (/usr/local/texlive/2021/texmf-dist/tex/generic/pgf/basiclayer/pgfcorepathprocessing.code.tex
File: pgfcorepathprocessing.code.tex 2021/05/15 v3.1.9a (3.1.9a)
) (/usr/local/texlive/2021/texmf-dist/tex/generic/pgf/basiclayer/pgfcorearrows.code.tex
File: pgfcorearrows.code.tex 2021/05/15 v3.1.9a (3.1.9a)
\pgfarrowsep=\dimen194
) (/usr/local/texlive/2021/texmf-dist/tex/generic/pgf/basiclayer/pgfcoreshade.code.tex
File: pgfcoreshade.code.tex 2021/05/15 v3.1.9a (3.1.9a)
\pgf@max=\dimen195
\pgf@sys@shading@range@num=\count284
\pgf@shadingcount=\count285
) (/usr/local/texlive/2021/texmf-dist/tex/generic/pgf/basiclayer/pgfcoreimage.code.tex
File: pgfcoreimage.code.tex 2021/05/15 v3.1.9a (3.1.9a)
 (/usr/local/texlive/2021/texmf-dist/tex/generic/pgf/basiclayer/pgfcoreexternal.code.tex
File: pgfcoreexternal.code.tex 2021/05/15 v3.1.9a (3.1.9a)
\pgfexternal@startupbox=\box57
)) (/usr/local/texlive/2021/texmf-dist/tex/generic/pgf/basiclayer/pgfcorelayers.code.tex
File: pgfcorelayers.code.tex 2021/05/15 v3.1.9a (3.1.9a)
) (/usr/local/texlive/2021/texmf-dist/tex/generic/pgf/basiclayer/pgfcoretransparency.code.tex
File: pgfcoretransparency.code.tex 2021/05/15 v3.1.9a (3.1.9a)
) (/usr/local/texlive/2021/texmf-dist/tex/generic/pgf/basiclayer/pgfcorepatterns.code.tex
File: pgfcorepatterns.code.tex 2021/05/15 v3.1.9a (3.1.9a)
) (/usr/local/texlive/2021/texmf-dist/tex/generic/pgf/basiclayer/pgfcorerdf.code.tex
File: pgfcorerdf.code.tex 2021/05/15 v3.1.9a (3.1.9a)
))) (/usr/local/texlive/2021/texmf-dist/tex/generic/pgf/modules/pgfmoduleshapes.code.tex
File: pgfmoduleshapes.code.tex 2021/05/15 v3.1.9a (3.1.9a)
\pgfnodeparttextbox=\box58
) (/usr/local/texlive/2021/texmf-dist/tex/generic/pgf/modules/pgfmoduleplot.code.tex
File: pgfmoduleplot.code.tex 2021/05/15 v3.1.9a (3.1.9a)
) (/usr/local/texlive/2021/texmf-dist/tex/latex/pgf/compatibility/pgfcomp-version-0-65.sty
Package: pgfcomp-version-0-65 2021/05/15 v3.1.9a (3.1.9a)
\pgf@nodesepstart=\dimen196
\pgf@nodesepend=\dimen197
) (/usr/local/texlive/2021/texmf-dist/tex/latex/pgf/compatibility/pgfcomp-version-1-18.sty
Package: pgfcomp-version-1-18 2021/05/15 v3.1.9a (3.1.9a)
)) (/usr/local/texlive/2021/texmf-dist/tex/latex/pgf/utilities/pgffor.sty (/usr/local/texlive/2021/texmf-dist/tex/latex/pgf/utilities/pgfkeys.sty (/usr/local/texlive/2021/texmf-dist/tex/generic/pgf/utilities/pgfkeys.code.tex)) (/usr/local/texlive/2021/texmf-dist/tex/latex/pgf/math/pgfmath.sty (/usr/local/texlive/2021/texmf-dist/tex/generic/pgf/math/pgfmath.code.tex)) (/usr/local/texlive/2021/texmf-dist/tex/generic/pgf/utilities/pgffor.code.tex
Package: pgffor 2021/05/15 v3.1.9a (3.1.9a)
 (/usr/local/texlive/2021/texmf-dist/tex/generic/pgf/math/pgfmath.code.tex)
\pgffor@iter=\dimen198
\pgffor@skip=\dimen199
\pgffor@stack=\toks35
\pgffor@toks=\toks36
)) (/usr/local/texlive/2021/texmf-dist/tex/generic/pgf/frontendlayer/tikz/tikz.code.tex
Package: tikz 2021/05/15 v3.1.9a (3.1.9a)
 (/usr/local/texlive/2021/texmf-dist/tex/generic/pgf/libraries/pgflibraryplothandlers.code.tex
File: pgflibraryplothandlers.code.tex 2021/05/15 v3.1.9a (3.1.9a)
\pgf@plot@mark@count=\count286
\pgfplotmarksize=\dimen256
)
\tikz@lastx=\dimen257
\tikz@lasty=\dimen258
\tikz@lastxsaved=\dimen259
\tikz@lastysaved=\dimen260
\tikz@lastmovetox=\dimen261
\tikz@lastmovetoy=\dimen262
\tikzleveldistance=\dimen263
\tikzsiblingdistance=\dimen264
\tikz@figbox=\box59
\tikz@figbox@bg=\box60
\tikz@tempbox=\box61
\tikz@tempbox@bg=\box62
\tikztreelevel=\count287
\tikznumberofchildren=\count288
\tikznumberofcurrentchild=\count289
\tikz@fig@count=\count290
 (/usr/local/texlive/2021/texmf-dist/tex/generic/pgf/modules/pgfmodulematrix.code.tex
File: pgfmodulematrix.code.tex 2021/05/15 v3.1.9a (3.1.9a)
\pgfmatrixcurrentrow=\count291
\pgfmatrixcurrentcolumn=\count292
\pgf@matrix@numberofcolumns=\count293
)
\tikz@expandcount=\count294
 (/usr/local/texlive/2021/texmf-dist/tex/generic/pgf/frontendlayer/tikz/libraries/tikzlibrarytopaths.code.tex
File: tikzlibrarytopaths.code.tex 2021/05/15 v3.1.9a (3.1.9a)
))) (/usr/local/texlive/2021/texmf-dist/tex/generic/pgf/frontendlayer/tikz/libraries/tikzlibrarypositioning.code.tex
File: tikzlibrarypositioning.code.tex 2021/05/15 v3.1.9a (3.1.9a)
) (/usr/local/texlive/2021/texmf-dist/tex/latex/tools/calc.sty
Package: calc 2017/05/25 v4.3 Infix arithmetic (KKT,FJ)
\calc@Acount=\count295
\calc@Bcount=\count296
\calc@Adimen=\dimen265
\calc@Bdimen=\dimen266
\calc@Askip=\skip52
\calc@Bskip=\skip53
LaTeX Info: Redefining \setlength on input line 80.
LaTeX Info: Redefining \addtolength on input line 81.
\calc@Ccount=\count297
\calc@Cskip=\skip54
)
\c@@todonotes@numberoftodonotes=\count298
) (/usr/local/texlive/2021/texmf-dist/tex/latex/hyperref/hyperref.sty
Package: hyperref 2021-06-07 v7.00m Hypertext links for LaTeX
 (/usr/local/texlive/2021/texmf-dist/tex/generic/ltxcmds/ltxcmds.sty
Package: ltxcmds 2020-05-10 v1.25 LaTeX kernel commands for general use (HO)
) (/usr/local/texlive/2021/texmf-dist/tex/generic/pdftexcmds/pdftexcmds.sty
Package: pdftexcmds 2020-06-27 v0.33 Utility functions of pdfTeX for LuaTeX (HO)
 (/usr/local/texlive/2021/texmf-dist/tex/generic/infwarerr/infwarerr.sty
Package: infwarerr 2019/12/03 v1.5 Providing info/warning/error messages (HO)
)
Package pdftexcmds Info: \pdf@primitive is available.
Package pdftexcmds Info: \pdf@ifprimitive is available.
Package pdftexcmds Info: \pdfdraftmode found.
) (/usr/local/texlive/2021/texmf-dist/tex/generic/kvsetkeys/kvsetkeys.sty
Package: kvsetkeys 2019/12/15 v1.18 Key value parser (HO)
) (/usr/local/texlive/2021/texmf-dist/tex/generic/kvdefinekeys/kvdefinekeys.sty
Package: kvdefinekeys 2019-12-19 v1.6 Define keys (HO)
) (/usr/local/texlive/2021/texmf-dist/tex/generic/pdfescape/pdfescape.sty
Package: pdfescape 2019/12/09 v1.15 Implements pdfTeX's escape features (HO)
) (/usr/local/texlive/2021/texmf-dist/tex/latex/hycolor/hycolor.sty
Package: hycolor 2020-01-27 v1.10 Color options for hyperref/bookmark (HO)
) (/usr/local/texlive/2021/texmf-dist/tex/latex/letltxmacro/letltxmacro.sty
Package: letltxmacro 2019/12/03 v1.6 Let assignment for LaTeX macros (HO)
) (/usr/local/texlive/2021/texmf-dist/tex/latex/auxhook/auxhook.sty
Package: auxhook 2019-12-17 v1.6 Hooks for auxiliary files (HO)
) (/usr/local/texlive/2021/texmf-dist/tex/latex/kvoptions/kvoptions.sty
Package: kvoptions 2020-10-07 v3.14 Key value format for package options (HO)
)
\@linkdim=\dimen267
\Hy@linkcounter=\count299
\Hy@pagecounter=\count300
 (/usr/local/texlive/2021/texmf-dist/tex/latex/hyperref/pd1enc.def
File: pd1enc.def 2021-06-07 v7.00m Hyperref: PDFDocEncoding definition (HO)
Now handling font encoding PD1 ...
... no UTF-8 mapping file for font encoding PD1
) (/usr/local/texlive/2021/texmf-dist/tex/latex/hyperref/hyperref-langpatches.def
File: hyperref-langpatches.def 2021-06-07 v7.00m Hyperref: patches for babel languages
) (/usr/local/texlive/2021/texmf-dist/tex/generic/intcalc/intcalc.sty
Package: intcalc 2019/12/15 v1.3 Expandable calculations with integers (HO)
) (/usr/local/texlive/2021/texmf-dist/tex/generic/etexcmds/etexcmds.sty
Package: etexcmds 2019/12/15 v1.7 Avoid name clashes with e-TeX commands (HO)
)
\Hy@SavedSpaceFactor=\count301
 (/usr/local/texlive/2021/texmf-dist/tex/latex/hyperref/puenc.def
File: puenc.def 2021-06-07 v7.00m Hyperref: PDF Unicode definition (HO)
Now handling font encoding PU ...
... no UTF-8 mapping file for font encoding PU
)
Package hyperref Info: Option `colorlinks' set `true' on input line 4073.
Package hyperref Info: Hyper figures OFF on input line 4192.
Package hyperref Info: Link nesting OFF on input line 4197.
Package hyperref Info: Hyper index ON on input line 4200.
Package hyperref Info: Plain pages OFF on input line 4207.
Package hyperref Info: Backreferencing OFF on input line 4212.
Package hyperref Info: Implicit mode ON; LaTeX internals redefined.
Package hyperref Info: Bookmarks ON on input line 4445.
\c@Hy@tempcnt=\count302
 (/usr/local/texlive/2021/texmf-dist/tex/latex/url/url.sty
\Urlmuskip=\muskip17
Package: url 2013/09/16  ver 3.4  Verb mode for urls, etc.
)
LaTeX Info: Redefining \url on input line 4804.
\XeTeXLinkMargin=\dimen268
 (/usr/local/texlive/2021/texmf-dist/tex/generic/bitset/bitset.sty
Package: bitset 2019/12/09 v1.3 Handle bit-vector datatype (HO)
 (/usr/local/texlive/2021/texmf-dist/tex/generic/bigintcalc/bigintcalc.sty
Package: bigintcalc 2019/12/15 v1.5 Expandable calculations on big integers (HO)
))
\Fld@menulength=\count303
\Field@Width=\dimen269
\Fld@charsize=\dimen270
Package hyperref Info: Hyper figures OFF on input line 6076.
Package hyperref Info: Link nesting OFF on input line 6081.
Package hyperref Info: Hyper index ON on input line 6084.
Package hyperref Info: backreferencing OFF on input line 6091.
Package hyperref Info: Link coloring ON on input line 6094.
Package hyperref Info: Link coloring with OCG OFF on input line 6101.
Package hyperref Info: PDF/A mode OFF on input line 6106.
LaTeX Info: Redefining \ref on input line 6146.
LaTeX Info: Redefining \pageref on input line 6150.
 (/usr/local/texlive/2021/texmf-dist/tex/latex/base/atbegshi-ltx.sty
Package: atbegshi-ltx 2021/01/10 v1.0c Emulation of the original atbegshi
package with kernel methods
)
\Hy@abspage=\count304
\c@Item=\count305
\c@Hfootnote=\count306
)
Package hyperref Info: Driver (autodetected): hpdftex.
 (/usr/local/texlive/2021/texmf-dist/tex/latex/hyperref/hpdftex.def
File: hpdftex.def 2021-06-07 v7.00m Hyperref driver for pdfTeX
 (/usr/local/texlive/2021/texmf-dist/tex/latex/base/atveryend-ltx.sty
Package: atveryend-ltx 2020/08/19 v1.0a Emulation of the original atvery package
with kernel methods
)
\Fld@listcount=\count307
\c@bookmark@seq@number=\count308
 (/usr/local/texlive/2021/texmf-dist/tex/latex/rerunfilecheck/rerunfilecheck.sty
Package: rerunfilecheck 2019/12/05 v1.9 Rerun checks for auxiliary files (HO)
 (/usr/local/texlive/2021/texmf-dist/tex/generic/uniquecounter/uniquecounter.sty
Package: uniquecounter 2019/12/15 v1.4 Provide unlimited unique counter (HO)
)
Package uniquecounter Info: New unique counter `rerunfilecheck' on input line 286.
)
\Hy@SectionHShift=\skip55
) (/usr/local/texlive/2021/texmf-dist/tex/latex/caption/caption.sty
Package: caption 2020/10/26 v3.5g Customizing captions (AR)
 (/usr/local/texlive/2021/texmf-dist/tex/latex/caption/caption3.sty
Package: caption3 2020/10/21 v2.2e caption3 kernel (AR)
\captionmargin=\dimen271
\captionmargin@=\dimen272
\captionwidth=\dimen273
\caption@tempdima=\dimen274
\caption@indent=\dimen275
\caption@parindent=\dimen276
\caption@hangindent=\dimen277
Package caption Info: Standard document class detected.
)
\c@caption@flags=\count309
\c@continuedfloat=\count310
Package caption Info: hyperref package is loaded.
) (/usr/local/texlive/2021/texmf-dist/tex/latex/caption/subcaption.sty
Package: subcaption 2020/10/07 v1.3j Sub-captions (AR)
\c@subfigure=\count311
\c@subtable=\count312
) (/usr/local/texlive/2021/texmf-dist/tex/latex/sectsty/sectsty.sty
Package: sectsty 2002/02/25 v2.0.2 Commands to change all sectional heading styles


LaTeX Warning: Command \underbar  has changed.
               Check if current package is valid.


LaTeX Warning: Command \underline  has changed.
               Check if current package is valid.

) (/usr/local/texlive/2021/texmf-dist/tex/latex/apacite/apacite.sty
Package: apacite 2013/07/21 v6.03 APA citation
\c@BibCnt=\count313
\bibleftmargin=\skip56
\bibindent=\skip57
\bibparsep=\skip58
\bibitemsep=\skip59
\biblabelsep=\skip60
) (/usr/local/texlive/2021/texmf-dist/tex/latex/float/float.sty
Package: float 2001/11/08 v1.3d Float enhancements (AL)
\c@float@type=\count314
\float@exts=\toks37
\float@box=\box63
\@float@everytoks=\toks38
\@floatcapt=\box64
) (/usr/local/texlive/2021/texmf-dist/tex/latex/titling/titling.sty
Package: titling 2009/09/04 v2.1d maketitle typesetting
\thanksmarkwidth=\skip61
\thanksmargin=\skip62
\droptitle=\skip63
) (/usr/local/texlive/2021/texmf-dist/tex/latex/blindtext/blindtext.sty
Package: blindtext 2012/01/06 V2.0 blindtext-Package
 (/usr/local/texlive/2021/texmf-dist/tex/latex/tools/xspace.sty
Package: xspace 2014/10/28 v1.13 Space after command names (DPC,MH)
)
\c@blindtext=\count315
\c@Blindtext=\count316
\c@blind@countparstart=\count317
\blind@countxx=\count318
\blindtext@numBlindtext=\count319
\blind@countyy=\count320
\c@blindlist=\count321
\c@blindlistlevel=\count322
\c@blindlist@level=\count323
\blind@listitem=\count324
\c@blind@listcount=\count325
\c@blind@levelcount=\count326
\blind@mathformula=\count327
\blind@Mathformula=\count328
\c@blind@randomcount=\count329
\c@blind@randommax=\count330
\c@blind@pangramcount=\count331
\c@blind@pangrammax=\count332
) (/usr/local/texlive/2021/texmf-dist/tex/latex/natbib/natbib.sty
Package: natbib 2010/09/13 8.31b (PWD, AO)
\bibhang=\skip64
\bibsep=\skip65
LaTeX Info: Redefining \cite on input line 694.
LaTeX Info: Redefining \citeauthor on input line 712.
LaTeX Info: Redefining \citeyear on input line 735.
\c@NAT@ctr=\count333
) (/usr/local/texlive/2021/texmf-dist/tex/latex/base/inputenc.sty
Package: inputenc 2021/02/14 v1.3d Input encoding file
\inpenc@prehook=\toks39
\inpenc@posthook=\toks40
) (/usr/local/texlive/2021/texmf-dist/tex/latex/listings/listings.sty
\lst@mode=\count334
\lst@gtempboxa=\box65
\lst@token=\toks41
\lst@length=\count335
\lst@currlwidth=\dimen278
\lst@column=\count336
\lst@pos=\count337
\lst@lostspace=\dimen279
\lst@width=\dimen280
\lst@newlines=\count338
\lst@lineno=\count339
\lst@maxwidth=\dimen281
 (/usr/local/texlive/2021/texmf-dist/tex/latex/listings/lstmisc.sty
File: lstmisc.sty 2020/03/24 1.8d (Carsten Heinz)
\c@lstnumber=\count340
\lst@skipnumbers=\count341
\lst@framebox=\box66
) (/usr/local/texlive/2021/texmf-dist/tex/latex/listings/listings.cfg
File: listings.cfg 2020/03/24 1.8d listings configuration
))
Package: listings 2020/03/24 1.8d (Carsten Heinz)
 (/usr/local/texlive/2021/texmf-dist/tex/latex/algorithms/algorithm.sty
Package: algorithm 2009/08/24 v0.1 Document Style `algorithm' - floating environment
\@float@every@algorithm=\toks42
\c@algorithm=\count342
) (/usr/local/texlive/2021/texmf-dist/tex/latex/algorithmicx/algpseudocode.sty
Package: algpseudocode 
 (/usr/local/texlive/2021/texmf-dist/tex/latex/algorithmicx/algorithmicx.sty
Package: algorithmicx 2005/04/27 v1.2 Algorithmicx

Document Style algorithmicx 1.2 - a greatly improved `algorithmic' style
\c@ALG@line=\count343
\c@ALG@rem=\count344
\c@ALG@nested=\count345
\ALG@tlm=\skip66
\ALG@thistlm=\skip67
\c@ALG@Lnr=\count346
\c@ALG@blocknr=\count347
\c@ALG@storecount=\count348
\c@ALG@tmpcounter=\count349
\ALG@tmplength=\skip68
)
Document Style - pseudocode environments for use with the `algorithmicx' style
) (/usr/local/texlive/2021/texmf-dist/tex/latex/multirow/multirow.sty
Package: multirow 2021/03/15 v2.8 Span multiple rows of a table
\multirow@colwidth=\skip69
\multirow@cntb=\count350
\multirow@dima=\skip70
\bigstrutjot=\dimen282
) (/usr/local/texlive/2021/texmf-dist/tex/latex/setspace/setspace.sty
Package: setspace 2011/12/19 v6.7a set line spacing
) (/usr/local/texlive/2021/texmf-dist/tex/latex/pythonhighlight/pythonhighlight.sty
Package: pythonhighlight 2017/02/09 python code highlighting; provided by Olivier Verdier <olivier.verdier@gmail.com>
) (/usr/local/texlive/2021/texmf-dist/tex/latex/markdown/markdown.sty (/usr/local/texlive/2021/texmf-dist/tex/generic/xstring/xstring.sty (/usr/local/texlive/2021/texmf-dist/tex/generic/xstring/xstring.tex
\integerpart=\count351
\decimalpart=\count352
)
Package: xstring 2021/07/21 v1.84 String manipulations (CT)
) (/usr/local/texlive/2021/texmf-dist/tex/generic/markdown/markdown.tex
\markdownFrozenCacheCounter=\count353
\markdownInputFileStream=\read4
\markdownOutputFileStream=\write4
Package markdown Info: Using mode 0: Shell escape via write18 on input line 588.
)
Package: markdown 2021/09/26 v2.11.0-0-g4505824 markdown renderer
 (/usr/local/texlive/2021/texmf-dist/tex/latex/paralist/paralist.sty
Package: paralist 2017/01/22 v2.7 Extended list environments
\pltopsep=\skip71
\plpartopsep=\skip72
\plitemsep=\skip73
\plparsep=\skip74
\pl@lab=\toks43
) (/usr/local/texlive/2021/texmf-dist/tex/latex/amsfonts/amssymb.sty
Package: amssymb 2013/01/14 v3.01 AMS font symbols
 (/usr/local/texlive/2021/texmf-dist/tex/latex/amsfonts/amsfonts.sty
Package: amsfonts 2013/01/14 v3.01 Basic AMSFonts support
\symAMSa=\mathgroup4
\symAMSb=\mathgroup5
LaTeX Font Info:    Redeclaring math symbol \hbar on input line 98.
LaTeX Font Info:    Overwriting math alphabet `\mathfrak' in version `bold'
(Font)                  U/euf/m/n --> U/euf/b/n on input line 106.
)) (/usr/local/texlive/2021/texmf-dist/tex/latex/csvsimple/csvsimple.sty (/usr/local/texlive/2021/texmf-dist/tex/latex/l3packages/l3keys2e/l3keys2e.sty (/usr/local/texlive/2021/texmf-dist/tex/latex/l3kernel/expl3.sty
Package: expl3 2021-10-18 L3 programming layer (loader) 
 (/usr/local/texlive/2021/texmf-dist/tex/latex/l3backend/l3backend-pdftex.def
File: l3backend-pdftex.def 2021-10-18 L3 backend support: PDF output (pdfTeX)
\l__color_backend_stack_int=\count354
\l__pdf_internal_box=\box67
))
Package: l3keys2e 2021-08-27 LaTeX2e option processing using LaTeX3 keys
)
Package: csvsimple 2021/09/09 v2.2.0 LaTeX CSV file processing
) (/usr/local/texlive/2021/texmf-dist/tex/latex/csvsimple/csvsimple-legacy.sty
Package: csvsimple-legacy 2021/09/09 version 2.2.0 LaTeX2e CSV file processing
 (/usr/local/texlive/2021/texmf-dist/tex/latex/etoolbox/etoolbox.sty
Package: etoolbox 2020/10/05 v2.5k e-TeX tools for LaTeX (JAW)
\etb@tempcnta=\count355
) (/usr/local/texlive/2021/texmf-dist/tex/latex/tools/shellesc.sty
Package: shellesc 2019/11/08 v1.0c unified shell escape interface for LaTeX
Package shellesc Info: Unrestricted shell escape enabled on input line 75.
)
\csv@file=\read5
\c@csvinputline=\count356
\c@csvrow=\count357
\c@csvcol=\count358
\csv@out=\write5
) (/usr/local/texlive/2021/texmf-dist/tex/latex/fancyvrb/fancyvrb.sty
Package: fancyvrb 2021/10/15 v3.9 verbatim text (tvz,hv)
\FV@CodeLineNo=\count359
\FV@InFile=\read6
\FV@TabBox=\box68
\c@FancyVerbLine=\count360
\FV@StepNumber=\count361
\FV@OutFile=\write6
)
\markdownLaTeXCitationsCounter=\count362
 (/usr/local/texlive/2021/texmf-dist/tex/generic/gobble/gobble.sty
Package: gobble 2019/01/04 v0.2 Provides more gobble macros
 (/usr/local/texlive/2021/texmf-dist/tex/generic/gobble/gobble.tex))
\markdownLaTeXRowCounter=\count363
\markdownLaTeXRowTotal=\count364
\markdownLaTeXColumnCounter=\count365
\markdownLaTeXColumnTotal=\count366
\markdownLaTeXTable=\toks44
\markdownLaTeXTableAlignment=\toks45
\markdownLaTeXTableEnd=\toks46
) (/usr/local/texlive/2021/texmf-dist/tex/latex/tcolorbox/tcolorbox.sty
Package: tcolorbox 2021/06/14 version 4.51 text color boxes
 (/usr/local/texlive/2021/texmf-dist/tex/latex/tools/verbatim.sty
Package: verbatim 2020-07-07 v1.5u LaTeX2e package for verbatim enhancements
\every@verbatim=\toks47
\verbatim@line=\toks48
\verbatim@in@stream=\read7
) (/usr/local/texlive/2021/texmf-dist/tex/latex/environ/environ.sty
Package: environ 2014/05/04 v0.3 A new way to define environments
 (/usr/local/texlive/2021/texmf-dist/tex/latex/trimspaces/trimspaces.sty
Package: trimspaces 2009/09/17 v1.1 Trim spaces around a token list
))
\tcb@titlebox=\box69
\tcb@upperbox=\box70
\tcb@lowerbox=\box71
\tcb@phantombox=\box72
\c@tcbbreakpart=\count367
\c@tcblayer=\count368
\c@tcolorbox@number=\count369
\tcb@temp=\box73
\tcb@temp=\box74
\tcb@temp=\box75
\tcb@temp=\box76
) (/usr/local/texlive/2021/texmf-dist/tex/latex/tcolorbox/tcbminted.code.tex
Library (tcolorbox): 'tcbminted.code.tex' version '4.51'
(/usr/local/texlive/2021/texmf-dist/tex/latex/minted/minted.sty
Package: minted 2017/07/19 v2.5 Yet another Pygments shim for LaTeX
 (/usr/local/texlive/2021/texmf-dist/tex/latex/fvextra/fvextra.sty
Package: fvextra 2019/02/04 v1.4 fvextra - extensions and patches for fancyvrb
 (/usr/local/texlive/2021/texmf-dist/tex/latex/upquote/upquote.sty
Package: upquote 2012/04/19 v1.3 upright-quote and grave-accent glyphs in verbatim
 (/usr/local/texlive/2021/texmf-dist/tex/latex/base/textcomp.sty
Package: textcomp 2020/02/02 v2.0n Standard LaTeX package
)) (/usr/local/texlive/2021/texmf-dist/tex/latex/lineno/lineno.sty
Package: lineno 2005/11/02 line numbers on paragraphs v4.41
\linenopenalty=\count370
\output=\toks49
\linenoprevgraf=\count371
\linenumbersep=\dimen283
\linenumberwidth=\dimen284
\c@linenumber=\count372
\c@pagewiselinenumber=\count373
\c@LN@truepage=\count374
\c@internallinenumber=\count375
\c@internallinenumbers=\count376
\quotelinenumbersep=\dimen285
\bframerule=\dimen286
\bframesep=\dimen287
\bframebox=\box77
LaTeX Info: Redefining \\ on input line 3056.
)
\c@FV@TrueTabGroupLevel=\count377
\c@FV@TrueTabCounter=\count378
\FV@TabBox@Group=\box78
\FV@TmpLength=\skip75
\c@FV@HighlightLinesStart=\count379
\c@FV@HighlightLinesStop=\count380
\FV@LoopCount=\count381
\FV@NCharsBox=\box79
\FV@BreakIndent=\dimen288
\FV@BreakIndentNChars=\count382
\FV@BreakSymbolSepLeft=\dimen289
\FV@BreakSymbolSepLeftNChars=\count383
\FV@BreakSymbolSepRight=\dimen290
\FV@BreakSymbolSepRightNChars=\count384
\FV@BreakSymbolIndentLeft=\dimen291
\FV@BreakSymbolIndentLeftNChars=\count385
\FV@BreakSymbolIndentRight=\dimen292
\FV@BreakSymbolIndentRightNChars=\count386
\c@FancyVerbLineBreakLast=\count387
\FV@LineBox=\box80
\FV@LineIndentBox=\box81
\FV@LineWidth=\dimen293
) (/usr/local/texlive/2021/texmf-dist/tex/latex/ifplatform/ifplatform.sty
Package: ifplatform 2017/10/13 v0.4a Testing for the operating system
 (/usr/local/texlive/2021/texmf-dist/tex/generic/catchfile/catchfile.sty
Package: catchfile 2019/12/09 v1.8 Catch the contents of a file (HO)
) (/usr/local/texlive/2021/texmf-dist/tex/generic/iftex/ifluatex.sty
Package: ifluatex 2019/10/25 v1.5 ifluatex legacy package. Use iftex instead.
)
runsystem(uname -s > "main.w18")...executed.

 (./main.w18)
runsystem(rm -- "main.w18")...executed.

) (/usr/local/texlive/2021/texmf-dist/tex/latex/framed/framed.sty
Package: framed 2011/10/22 v 0.96: framed or shaded text with page breaks
\OuterFrameSep=\skip76
\fb@frw=\dimen294
\fb@frh=\dimen295
\FrameRule=\dimen296
\FrameSep=\dimen297
)
\minted@appexistsfile=\read8
\minted@bgbox=\box82
\minted@code=\write7
\c@minted@FancyVerbLineTemp=\count388
\c@minted@pygmentizecounter=\count389
\@float@every@listing=\toks50
\c@listing=\count390
)
runsystem(mkdir -p _minted-main)...executed.

 (/usr/local/texlive/2021/texmf-dist/tex/latex/tcolorbox/tcblistingscore.code.tex
Library (tcolorbox): 'tcblistingscore.code.tex' version '4.51'
(/usr/local/texlive/2021/texmf-dist/tex/latex/tcolorbox/tcbprocessing.code.tex
Library (tcolorbox): 'tcbprocessing.code.tex' version '4.51'
)
\c@tcblisting=\count391
)) (/usr/local/texlive/2021/texmf-dist/tex/latex/tcolorbox/tcbbreakable.code.tex
Library (tcolorbox): 'tcbbreakable.code.tex' version '4.51'
(/usr/local/texlive/2021/texmf-dist/tex/generic/oberdiek/pdfcol.sty
Package: pdfcol 2019/12/29 v1.6 Handle new color stacks for pdfTeX (HO)
)
Package pdfcol Info: New color stack `tcb@breakable' = 1 on input line 23.
\tcb@testbox=\box83
\tcb@totalupperbox=\box84
\tcb@totallowerbox=\box85
) (/usr/local/texlive/2021/texmf-dist/tex/latex/tcolorbox/tcbxparse.code.tex
Library (tcolorbox): 'tcbxparse.code.tex' version '4.51'
(/usr/local/texlive/2021/texmf-dist/tex/latex/l3packages/xparse/xparse.sty
Package: xparse 2021-08-27 L3 Experimental document command parser
)) (/usr/local/texlive/2021/texmf-dist/tex/latex/tcolorbox/tcbskins.code.tex
Library (tcolorbox): 'tcbskins.code.tex' version '4.51'
\tcb@waterbox=\box86
(/usr/local/texlive/2021/texmf-dist/tex/latex/tcolorbox/tcbskinsjigsaw.code.tex
Library (tcolorbox): 'tcbskinsjigsaw.code.tex' version '4.51'
))
runsystem(which pygmentize && touch main.aex)...executed.

runsystem(rm main.aex)...executed.

 (./main.aux)
\openout1 = `main.aux'.

LaTeX Font Info:    Checking defaults for OML/cmm/m/it on input line 85.
LaTeX Font Info:    ... okay on input line 85.
LaTeX Font Info:    Checking defaults for OMS/cmsy/m/n on input line 85.
LaTeX Font Info:    ... okay on input line 85.
LaTeX Font Info:    Checking defaults for OT1/cmr/m/n on input line 85.
LaTeX Font Info:    ... okay on input line 85.
LaTeX Font Info:    Checking defaults for T1/cmr/m/n on input line 85.
LaTeX Font Info:    ... okay on input line 85.
LaTeX Font Info:    Checking defaults for TS1/cmr/m/n on input line 85.
LaTeX Font Info:    ... okay on input line 85.
LaTeX Font Info:    Checking defaults for OMX/cmex/m/n on input line 85.
LaTeX Font Info:    ... okay on input line 85.
LaTeX Font Info:    Checking defaults for U/cmr/m/n on input line 85.
LaTeX Font Info:    ... okay on input line 85.
LaTeX Font Info:    Checking defaults for PD1/pdf/m/n on input line 85.
LaTeX Font Info:    ... okay on input line 85.
LaTeX Font Info:    Checking defaults for PU/pdf/m/n on input line 85.
LaTeX Font Info:    ... okay on input line 85.

*geometry* driver: auto-detecting
*geometry* detected driver: pdftex
*geometry* verbose mode - [ preamble ] result:
* driver: pdftex
* paper: a4paper
* layout: <same size as paper>
* layoutoffset:(h,v)=(0.0pt,0.0pt)
* modes: 
* h-part:(L,W,R)=(56.9055pt, 483.69687pt, 56.9055pt)
* v-part:(T,H,B)=(85.35826pt, 702.78308pt, 56.9055pt)
* \paperwidth=597.50787pt
* \paperheight=845.04684pt
* \textwidth=483.69687pt
* \textheight=702.78308pt
* \oddsidemargin=-15.36449pt
* \evensidemargin=-15.36449pt
* \topmargin=-23.91173pt
* \headheight=12.0pt
* \headsep=25.0pt
* \topskip=12.0pt
* \footskip=30.0pt
* \marginparwidth=49.79231pt
* \marginparsep=10.0pt
* \columnsep=10.0pt
* \skip\footins=10.8pt plus 4.0pt minus 2.0pt
* \hoffset=0.0pt
* \voffset=0.0pt
* \mag=1000
* \@twocolumnfalse
* \@twosidefalse
* \@mparswitchfalse
* \@reversemarginfalse
* (1in=72.27pt=25.4mm, 1cm=28.453pt)

(/usr/local/texlive/2021/texmf-dist/tex/context/base/mkii/supp-pdf.mkii
[Loading MPS to PDF converter (version 2006.09.02).]
\scratchcounter=\count392
\scratchdimen=\dimen298
\scratchbox=\box87
\nofMPsegments=\count393
\nofMParguments=\count394
\everyMPshowfont=\toks51
\MPscratchCnt=\count395
\MPscratchDim=\dimen299
\MPnumerator=\count396
\makeMPintoPDFobject=\count397
\everyMPtoPDFconversion=\toks52
) (/usr/local/texlive/2021/texmf-dist/tex/latex/epstopdf-pkg/epstopdf-base.sty
Package: epstopdf-base 2020-01-24 v2.11 Base part for package epstopdf
Package epstopdf-base Info: Redefining graphics rule for `.eps' on input line 485.
 (/usr/local/texlive/2021/texmf-dist/tex/latex/latexconfig/epstopdf-sys.cfg
File: epstopdf-sys.cfg 2010/07/13 v1.3 Configuration of (r)epstopdf for TeX Live
))

Package todonotes Warning: The length marginparwidth is less than 2cm and will most likely cause issues with the appearance of inserted todonotes. The issue can be solved by adding a line like \setlength {\marginparwidth }{2cm} prior to loading the todonotes package. on input line 85.

Package hyperref Info: Link coloring ON on input line 85.
(/usr/local/texlive/2021/texmf-dist/tex/latex/hyperref/nameref.sty
Package: nameref 2021-04-02 v2.47 Cross-referencing by name of section
 (/usr/local/texlive/2021/texmf-dist/tex/latex/refcount/refcount.sty
Package: refcount 2019/12/15 v3.6 Data extraction from label references (HO)
) (/usr/local/texlive/2021/texmf-dist/tex/generic/gettitlestring/gettitlestring.sty
Package: gettitlestring 2019/12/15 v1.6 Cleanup title references (HO)
)
\c@section@level=\count398
)
LaTeX Info: Redefining \ref on input line 85.
LaTeX Info: Redefining \pageref on input line 85.
LaTeX Info: Redefining \nameref on input line 85.
\@outlinefile=\write8
\openout8 = `main.out'.

Package caption Info: Begin \AtBeginDocument code.
Package caption Info: float package is loaded.
Package caption Info: listings package is loaded.
Package caption Info: End \AtBeginDocument code.
\c@maskedRefs=\count399
 (/usr/local/texlive/2021/texmf-dist/tex/latex/apacite/english.apc
File: english.apc 2013/07/21 v6.03 apacite language file
LaTeX Info: Redefining \BPBI on input line 129.
LaTeX Info: Redefining \BHBI on input line 130.
)
\c@lstlisting=\count400
 [1

{/usr/local/texlive/2021/texmf-var/fonts/map/pdftex/updmap/pdftex.map}]
\tf@toc=\write9
\openout9 = `main.toc'.

pdfTeX warning (ext4): destination with the same identifier (name{page.1}) has been already used, duplicate ignored
<to be read again> 
                   \relax 
l.114 \newpage
               [1] [2]
\openout2 = `lab1.aux'.

 (./lab1.tex
\tcb@out=\write10
\openout10 = `main.listing'.

 (./_minted-main/default-pyg-prefix.pygstyle) (./_minted-main/default.pygstyle) (./_minted-main/AD2E8B57E99A7384FB72BC75283362C2ECA43E68929C128CBEDBF6B90FA12E36.pygtex
LaTeX Font Info:    Trying to load font information for T1+cmtt on input line 1.
 (/usr/local/texlive/2021/texmf-dist/tex/latex/base/t1cmtt.fd
File: t1cmtt.fd 2019/12/16 v2.5j Standard LaTeX font definitions
)
LaTeX Font Info:    Font shape `T1/cmtt/bx/n' in size <10.95> not available
(Font)              Font shape `T1/cmtt/m/n' tried instead on input line 2.
LaTeX Font Info:    Trying to load font information for U+msa on input line 14.
 (/usr/local/texlive/2021/texmf-dist/tex/latex/amsfonts/umsa.fd
File: umsa.fd 2013/01/14 v3.01 AMS symbols A
)
LaTeX Font Info:    Trying to load font information for U+msb on input line 14.
 (/usr/local/texlive/2021/texmf-dist/tex/latex/amsfonts/umsb.fd
File: umsb.fd 2013/01/14 v3.01 AMS symbols B
)) [3

]
\openout10 = `main.listing'.

 (./_minted-main/179A964FC8AB193809CAF48A781516DFECA43E68929C128CBEDBF6B90FA12E36.pygtex) [4]
\openout10 = `main.listing'.

 (./_minted-main/7D1E65A51D7A7FF2E1523C0DB6D7BE92ECA43E68929C128CBEDBF6B90FA12E36.pygtex
LaTeX Font Info:    Trying to load font information for TS1+cmtt on input line 13.
 (/usr/local/texlive/2021/texmf-dist/tex/latex/base/ts1cmtt.fd
File: ts1cmtt.fd 2019/12/16 v2.5j Standard LaTeX font definitions
)) [5] [6] [7]
<images/astar.png, id=75, 186.6975pt x 264.99pt>
File: images/astar.png Graphic file (type png)
<use images/astar.png>
Package pdftex.def Info: images/astar.png  used on input line 219.
(pdftex.def)             Requested size: 145.11053pt x 205.97163pt.
\openout10 = `main.listing'.

 (./_minted-main/03C7EFE36E542C5AF1A351FCE241BA9CECA43E68929C128CBEDBF6B90FA12E36.pygtex) [8 <./images/astar.png>] [9] [10] [11] [12]
\openout10 = `main.listing'.

 (./_minted-main/E87937DBF614D3837438C5546F6B0841ECA43E68929C128CBEDBF6B90FA12E36.pygtex) [13] [14]
\openout10 = `main.listing'.

 (./_minted-main/D7925BB0BA123BED89758A7EE1BEFBF9ECA43E68929C128CBEDBF6B90FA12E36.pygtex) [15] [16]
\openout10 = `main.listing'.

 (./_minted-main/732C01C0EB96129750CB3EB04B53E6AEECA43E68929C128CBEDBF6B90FA12E36.pygtex)) [17]
\openout2 = `lab2.aux'.

 (./lab2.tex
Overfull \hbox (1.67892pt too wide) detected at line 43
[]\OML/cmm/m/it/14.4 len\OT1/cmr/m/n/14.4 (\OML/cmm/m/it/14.4 distinct[]elements\OT1/cmr/m/n/14.4 )\OML/cmm/m/it/14.4 =\OT1/cmr/m/n/14.4 (\OML/cmm/m/it/14.4 num[]duplicates \OT1/cmr/m/n/14.4 + 1) \OMS/cmsy/m/n/14.4 ^^@ \OML/cmm/m/it/14.4 num[]undiscovered[]elements
 []

[18



]
\openout10 = `main.listing'.

 (./_minted-main/2867A2B4F124C8A5F5FB04A43D1A99C2ECA43E68929C128CBEDBF6B90FA12E36.pygtex) [19]
\openout10 = `main.listing'.

 (./_minted-main/532647801A68906889CF0A1BB09FF629ECA43E68929C128CBEDBF6B90FA12E36.pygtex)
\openout10 = `main.listing'.

 (./_minted-main/ABE7A9A3213033C15162FA521188AFD3ECA43E68929C128CBEDBF6B90FA12E36.pygtex) [20]
\openout10 = `main.listing'.

 (./_minted-main/EA5075D2293B14662EBC8CD62F73F9CEECA43E68929C128CBEDBF6B90FA12E36.pygtex)
\openout10 = `main.listing'.

 (./_minted-main/ACAC9BFE56B0D80BD0681864AEDC9D59ECA43E68929C128CBEDBF6B90FA12E36.pygtex)
\openout10 = `main.listing'.

 (./_minted-main/1F70734D5FAAF44E16677B9DF5C38FC5ECA43E68929C128CBEDBF6B90FA12E36.pygtex
Overfull \hbox (69.4322pt too wide) in paragraph at lines 213--213
\T1/cmtt/m/it/10.95 https://www.tutorialspoint.com/genetic_algorithms/genetic_algorithms_parent_selection.htm[]|  
 []

) [21] [22] [23] [24] [25] [26] [27]
\openout10 = `main.listing'.

 (./_minted-main/6A611EE23792297A0F70BEAED45BD4D8ECA43E68929C128CBEDBF6B90FA12E36.pygtex)
\openout10 = `main.listing'.

 (./_minted-main/72628518273CDCA2066D45BD09A8CF85ECA43E68929C128CBEDBF6B90FA12E36.pygtex)
\openout10 = `main.listing'.

 (./_minted-main/90B73DB04DE0F67A6F670F58751145BEECA43E68929C128CBEDBF6B90FA12E36.pygtex)
\openout10 = `main.listing'.

 (./_minted-main/AB6414223BFEC76E359D3590FFACAFD2ECA43E68929C128CBEDBF6B90FA12E36.pygtex)
\openout10 = `main.listing'.

 (./_minted-main/31253B2810EA49E5580753F71839587EECA43E68929C128CBEDBF6B90FA12E36.pygtex) [28]
Underfull \hbox (badness 10000) in paragraph at lines 540--542
[]\T1/cmr/m/n/14.4 In the README, I was won-der-ing if the func-tion
 []


Underfull \hbox (badness 1997) in paragraph at lines 540--542
\OML/cmm/m/it/14.4 return[]best[]genome$\T1/cmr/m/n/14.4 ($\OML/cmm/m/it/14.4 modified[]genome$\T1/cmr/m/n/14.4 , genome) might dis-turb the
 []

\openout10 = `main.listing'.

(./_minted-main/98AA7280C2FF140EC0FD1D39001C26D4ECA43E68929C128CBEDBF6B90FA12E36.pygtex) [29]
\openout10 = `main.listing'.

 (./_minted-main/B3B8108FA98962C17BAA7C3565290932ECA43E68929C128CBEDBF6B90FA12E36.pygtex) [30] [31]
\openout10 = `main.listing'.

 (./_minted-main/BD37F6BB0AA108C9C5567E252E216E60ECA43E68929C128CBEDBF6B90FA12E36.pygtex) [32]
Underfull \hbox (badness 10000) in paragraph at lines 684--685

 []

\openout10 = `main.listing'.

(./_minted-main/BF570BE4BDF8F6D76100AECC550F6901ECA43E68929C128CBEDBF6B90FA12E36.pygtex)
\openout10 = `main.listing'.

 (./_minted-main/34BA6A4F84CFB5A6A2E6B60370100473ECA43E68929C128CBEDBF6B90FA12E36.pygtex)
\openout10 = `main.listing'.

 (./_minted-main/CAFA0314E231AB766FCE0B23413D2795ECA43E68929C128CBEDBF6B90FA12E36.pygtex) [33]
\openout10 = `main.listing'.

 (./_minted-main/8F2346071328480ED7BF413A200C3B30ECA43E68929C128CBEDBF6B90FA12E36.pygtex) [34] [35] [36] [37] [38]
\openout10 = `main.listing'.

 (./_minted-main/97AE3A5F1C9F7022389665C36D4A510BECA43E68929C128CBEDBF6B90FA12E36.pygtex)
\openout10 = `main.listing'.

 (./_minted-main/D3644AD64787324C4469A4038390F025ECA43E68929C128CBEDBF6B90FA12E36.pygtex)
\openout10 = `main.listing'.

 (./_minted-main/138057D199552FEAFF791ACCF26A208BECA43E68929C128CBEDBF6B90FA12E36.pygtex) [39] [40] [41] [42]
\openout10 = `main.listing'.

 (./_minted-main/7D4EA6B01DA772AD76766E8FF4027658ECA43E68929C128CBEDBF6B90FA12E36.pygtex) [43]
\openout10 = `main.listing'.

 (./_minted-main/E093441545DEAEF74C67208DBB543DC6ECA43E68929C128CBEDBF6B90FA12E36.pygtex)
\openout10 = `main.listing'.

 (./_minted-main/64C71E5019CF51413CFC5E1E7E84B62BECA43E68929C128CBEDBF6B90FA12E36.pygtex) [44] [45] [46]) [47]
\openout2 = `lab3.aux'.

 (./lab3.tex
<images/rules.png, id=281, 542.025pt x 612.2875pt>
File: images/rules.png Graphic file (type png)
<use images/rules.png>
Package pdftex.def Info: images/rules.png  used on input line 33.
(pdftex.def)             Requested size: 241.84843pt x 273.20049pt.
\openout10 = `main.listing'.

 (./_minted-main/A68E4690962AB39BE5792DEE2297D56AECA43E68929C128CBEDBF6B90FA12E36.pygtex) [48



] [49 <./images/rules.png>] [50] [51] [52]
\openout10 = `main.listing'.

 (./_minted-main/BFB980872D967844F7C7974F3F44B1F7ECA43E68929C128CBEDBF6B90FA12E36.pygtex) [53]
\openout4 = `main.markdown.in'.

Package markdown Info: Buffering markdown input into the temporary input file "main.markdown.in" and scanning for the closing token sequence "\end{markdown}" on input line 282.
Package markdown Info: The ending token sequence was found on input line 298.
Package markdown Info: Including markdown document "./main.markdown.in" on input line 298.
\openout4 = `main.markdown.lua'.

Package markdown Info: Writing a helper Lua script to the file "main.markdown.lua" on input line 298.
Package markdown Info: Executing a helper Lua script from the file "main.markdown.lua" and storing the result in the file "main.markdown.out" on input line 298.
runsystem(texlua "./main.markdown.lua" > "./main.markdown.out")...executed.

 (./main.markdown.out (./_markdown_main/2f02d8bf48c1a2a96653d53f4257966d.md.tex [54]))
\openout10 = `main.listing'.

 (./_minted-main/2DA8BAB9767C9579460AC6DDD3CE9703ECA43E68929C128CBEDBF6B90FA12E36.pygtex) [55] [56] [57] [58] [59] [60] [61] [62]
\openout10 = `main.listing'.

 (./_minted-main/BEBBB6AC2B6DFE3217A0AEAD66710384ECA43E68929C128CBEDBF6B90FA12E36.pygtex)
\openout10 = `main.listing'.

 (./_minted-main/A79127B2213512503FEC1621C66FB6F8ECA43E68929C128CBEDBF6B90FA12E36.pygtex) [63] [64] [65]
\openout10 = `main.listing'.

 (./_minted-main/541E8D5E576A6BB36AD3854F85EBD058ECA43E68929C128CBEDBF6B90FA12E36.pygtex) [66] [67] [68]
Underfull \hbox (badness 10000) in paragraph at lines 944--945

 []

\openout10 = `main.listing'.

(./_minted-main/5D83F07CD582593394660B955512F30DECA43E68929C128CBEDBF6B90FA12E36.pygtex) [69] [70] [71] [72] [73] [74]
\openout10 = `main.listing'.

 (./_minted-main/F5343A7CFBF96FE304AED9F9C7CA2C16ECA43E68929C128CBEDBF6B90FA12E36.pygtex) [75] [76]
Underfull \hbox (badness 10000) in paragraph at lines 1336--1343

 []


Underfull \hbox (badness 10000) in paragraph at lines 1336--1343

 []

[77]
Overfull \vbox (38.03879pt too high) has occurred while \output is active []

 [78]
\openout10 = `main.listing'.

 (./_minted-main/FB095F66669C66F3F0A41EB4A57D20B5ECA43E68929C128CBEDBF6B90FA12E36.pygtex
Overfull \hbox (22.26466pt too wide) in paragraph at lines 403--403
\T1/cmtt/m/n/10.95 random[].[]choice([]tuple[]([]self[][].[]states[[]self[][].[]current_state][[]\TS1/cmtt/m/n/10.95 '\T1/cmtt/m/n/10.95 child_states\TS1/cmtt/m/n/10.95 '[]\T1/cmtt/m/n/10.95 ]))|  
 []

) [79] [80] [81] [82] [83] [84] [85] [86] [87] [88] [89] [90] [91]
Underfull \hbox (badness 10000) in paragraph at lines 1947--1948

 []

) [92]
\openout2 = `final-project.aux'.

 (./final-project.tex [93



]
Underfull \hbox (badness 10000) in paragraph at lines 41--43

 []

[94]
Underfull \hbox (badness 10000) in paragraph at lines 52--54

 []


Underfull \hbox (badness 10000) in paragraph at lines 62--63

 []

[95]

LaTeX Warning: Reference `fig:hybrid-agent' on page 96 undefined on input line 74.

<images/methodology.drawio.png, id=539, 834.11626pt x 382.42876pt>
File: images/methodology.drawio.png Graphic file (type png)
<use images/methodology.drawio.png>
Package pdftex.def Info: images/methodology.drawio.png  used on input line 78.
(pdftex.def)             Requested size: 435.32422pt x 199.5935pt.

LaTeX Warning: Reference `json-example' on page 96 undefined on input line 89.

\openout6 = `main.pyg'.

(./_minted-main/7F1471B6EFF0F259047F15E7D053CADA59903D0DCC0BD27D24705E832EFCA227.pygtex
LaTeX Font Info:    Font shape `T1/cmtt/bx/n' in size <12> not available
(Font)              Font shape `T1/cmtt/m/n' tried instead on input line 3.
)
Package hyperref Info: bookmark level for unknown listing defaults to 0 on input line 99.
 [96 <./images/methodology.drawio.png>]
\openout10 = `main.listing'.

 (./_minted-main/8C2DAF21EA7B96F714E4D7A5DD926854ECA43E68929C128CBEDBF6B90FA12E36.pygtex
Overfull \hbox (146.74883pt too wide) in paragraph at lines 188--188
[]\T1/cmtt/m/n/10.95 self[][].[]current_state[].[]check_if_move_valid([]self[][].[]current_state[].[]get_selected_piece(), 
 []


Overfull \hbox (146.74883pt too wide) in paragraph at lines 206--206
[]\T1/cmtt/m/n/10.95 self[][].[]current_state[].[]check_if_move_valid([]self[][].[]current_state[].[]get_selected_piece(), 
 []


Overfull \hbox (124.11534pt too wide) in paragraph at lines 236--236
[]\T1/cmtt/m/n/10.95 self[][].[]current_state[].[]check_if_move_valid([]self[][].[]current_state[].[]get_selected_piece(), 
 []


Overfull \hbox (78.84837pt too wide) in paragraph at lines 282--282
[]\T1/cmtt/m/n/10.95 self[][].[]current_state[].[]check_if_move_valid([]self[][].[]current_state[].[]get_selected_piece(), 
 []


Overfull \hbox (78.84837pt too wide) in paragraph at lines 295--295
[]\T1/cmtt/m/n/10.95 self[][].[]current_state[].[]check_if_move_valid([]self[][].[]current_state[].[]get_selected_piece(), 
 []


Overfull \hbox (101.48186pt too wide) in paragraph at lines 338--338
[]\T1/cmtt/m/n/10.95 self[][].[]current_state[].[]check_if_move_valid([]self[][].[]current_state[].[]get_selected_piece(), 
 []


Overfull \hbox (101.48186pt too wide) in paragraph at lines 351--351
[]\T1/cmtt/m/n/10.95 self[][].[]current_state[].[]check_if_move_valid([]self[][].[]current_state[].[]get_selected_piece(), 
 []

) [97] [98] [99] [100] [101] [102] [103] [104]
\openout10 = `main.listing'.

 (./_minted-main/769F89B6B67F1DBAF62C7B240027BCE7ECA43E68929C128CBEDBF6B90FA12E36.pygtex) [105] [106] [107] [108]
\openout10 = `main.listing'.

 (./_minted-main/D6C664A501ED84F8E52E2DD67EC61B01ECA43E68929C128CBEDBF6B90FA12E36.pygtex

./_minted-main/D6C664A501ED84F8E52E2DD67EC61B01ECA43E68929C128CBEDBF6B90FA12E36.pygtex:426: Package inputenc Error: Unicode character  (U+03C0)
(inputenc)                not set up for use with LaTeX.

See the inputenc package documentation for explanation.
Type  H <return>  for immediate help.
 ...                                              
                                                  
l.426 ...rior probability bonus exploration term.}
                                                  
You may provide a definition with
\DeclareUnicodeCharacter 


./_minted-main/D6C664A501ED84F8E52E2DD67EC61B01ECA43E68929C128CBEDBF6B90FA12E36.pygtex:426: Package inputenc Error: Unicode character  (U+03C0)
(inputenc)                not set up for use with LaTeX.

See the inputenc package documentation for explanation.
Type  H <return>  for immediate help.
 ...                                              
                                                  
l.426 ...rior probability bonus exploration term.}
                                                  
You may provide a definition with
\DeclareUnicodeCharacter 


./_minted-main/D6C664A501ED84F8E52E2DD67EC61B01ECA43E68929C128CBEDBF6B90FA12E36.pygtex:426: Package inputenc Error: Unicode character  (U+221D)
(inputenc)                not set up for use with LaTeX.

See the inputenc package documentation for explanation.
Type  H <return>  for immediate help.
 ...                                              
                                                  
l.426 ...rior probability bonus exploration term.}
                                                  
You may provide a definition with
\DeclareUnicodeCharacter 


./_minted-main/D6C664A501ED84F8E52E2DD67EC61B01ECA43E68929C128CBEDBF6B90FA12E36.pygtex:426: Package inputenc Error: Unicode character  (U+03C4)
(inputenc)                not set up for use with LaTeX.

See the inputenc package documentation for explanation.
Type  H <return>  for immediate help.
 ...                                              
                                                  
l.426 ...rior probability bonus exploration term.}
                                                  
You may provide a definition with
\DeclareUnicodeCharacter 


./_minted-main/D6C664A501ED84F8E52E2DD67EC61B01ECA43E68929C128CBEDBF6B90FA12E36.pygtex:426: Package inputenc Error: Unicode character  (U+03C4)
(inputenc)                not set up for use with LaTeX.

See the inputenc package documentation for explanation.
Type  H <return>  for immediate help.
 ...                                              
                                                  
l.426 ...rior probability bonus exploration term.}
                                                  
You may provide a definition with
\DeclareUnicodeCharacter 


./_minted-main/D6C664A501ED84F8E52E2DD67EC61B01ECA43E68929C128CBEDBF6B90FA12E36.pygtex:426: Package inputenc Error: Unicode character  (U+03C4)
(inputenc)                not set up for use with LaTeX.

See the inputenc package documentation for explanation.
Type  H <return>  for immediate help.
 ...                                              
                                                  
l.426 ...rior probability bonus exploration term.}
                                                  
You may provide a definition with
\DeclareUnicodeCharacter 


./_minted-main/D6C664A501ED84F8E52E2DD67EC61B01ECA43E68929C128CBEDBF6B90FA12E36.pygtex:426: Package inputenc Error: Unicode character  (U+03C4)
(inputenc)                not set up for use with LaTeX.

See the inputenc package documentation for explanation.
Type  H <return>  for immediate help.
 ...                                              
                                                  
l.426 ...rior probability bonus exploration term.}
                                                  
You may provide a definition with
\DeclareUnicodeCharacter 


./_minted-main/D6C664A501ED84F8E52E2DD67EC61B01ECA43E68929C128CBEDBF6B90FA12E36.pygtex:426: Package inputenc Error: Unicode character  (U+03C0)
(inputenc)                not set up for use with LaTeX.

See the inputenc package documentation for explanation.
Type  H <return>  for immediate help.
 ...                                              
                                                  
l.426 ...rior probability bonus exploration term.}
                                                  
You may provide a definition with
\DeclareUnicodeCharacter 


./_minted-main/D6C664A501ED84F8E52E2DD67EC61B01ECA43E68929C128CBEDBF6B90FA12E36.pygtex:426: Package inputenc Error: Unicode character  (U+03C0)
(inputenc)                not set up for use with LaTeX.

See the inputenc package documentation for explanation.
Type  H <return>  for immediate help.
 ...                                              
                                                  
l.426 ...rior probability bonus exploration term.}
                                                  
You may provide a definition with
\DeclareUnicodeCharacter 


./_minted-main/D6C664A501ED84F8E52E2DD67EC61B01ECA43E68929C128CBEDBF6B90FA12E36.pygtex:426: Package inputenc Error: Unicode character  (U+03C0)
(inputenc)                not set up for use with LaTeX.

See the inputenc package documentation for explanation.
Type  H <return>  for immediate help.
 ...                                              
                                                  
l.426 ...rior probability bonus exploration term.}
                                                  
You may provide a definition with
\DeclareUnicodeCharacter 


./_minted-main/D6C664A501ED84F8E52E2DD67EC61B01ECA43E68929C128CBEDBF6B90FA12E36.pygtex:426: Package inputenc Error: Unicode character  (U+221D)
(inputenc)                not set up for use with LaTeX.

See the inputenc package documentation for explanation.
Type  H <return>  for immediate help.
 ...                                              
                                                  
l.426 ...rior probability bonus exploration term.}
                                                  
You may provide a definition with
\DeclareUnicodeCharacter 


./_minted-main/D6C664A501ED84F8E52E2DD67EC61B01ECA43E68929C128CBEDBF6B90FA12E36.pygtex:426: Package inputenc Error: Unicode character  (U+03C4)
(inputenc)                not set up for use with LaTeX.

See the inputenc package documentation for explanation.
Type  H <return>  for immediate help.
 ...                                              
                                                  
l.426 ...rior probability bonus exploration term.}
                                                  
You may provide a definition with
\DeclareUnicodeCharacter 


./_minted-main/D6C664A501ED84F8E52E2DD67EC61B01ECA43E68929C128CBEDBF6B90FA12E36.pygtex:426: Package inputenc Error: Unicode character  (U+03C4)
(inputenc)                not set up for use with LaTeX.

See the inputenc package documentation for explanation.
Type  H <return>  for immediate help.
 ...                                              
                                                  
l.426 ...rior probability bonus exploration term.}
                                                  
You may provide a definition with
\DeclareUnicodeCharacter 


./_minted-main/D6C664A501ED84F8E52E2DD67EC61B01ECA43E68929C128CBEDBF6B90FA12E36.pygtex:426: Package inputenc Error: Unicode character  (U+03C4)
(inputenc)                not set up for use with LaTeX.

See the inputenc package documentation for explanation.
Type  H <return>  for immediate help.
 ...                                              
                                                  
l.426 ...rior probability bonus exploration term.}
                                                  
You may provide a definition with
\DeclareUnicodeCharacter 


./_minted-main/D6C664A501ED84F8E52E2DD67EC61B01ECA43E68929C128CBEDBF6B90FA12E36.pygtex:426: Package inputenc Error: Unicode character  (U+03C4)
(inputenc)                not set up for use with LaTeX.

See the inputenc package documentation for explanation.
Type  H <return>  for immediate help.
 ...                                              
                                                  
l.426 ...rior probability bonus exploration term.}
                                                  
You may provide a definition with
\DeclareUnicodeCharacter 


./_minted-main/D6C664A501ED84F8E52E2DD67EC61B01ECA43E68929C128CBEDBF6B90FA12E36.pygtex:426: Package inputenc Error: Unicode character  (U+03C0)
(inputenc)                not set up for use with LaTeX.

See the inputenc package documentation for explanation.
Type  H <return>  for immediate help.
 ...                                              
                                                  
l.426 ...rior probability bonus exploration term.}
                                                  
You may provide a definition with
\DeclareUnicodeCharacter 

) [109] [110] [111] [112] [113] [114] [115] [116] [117] [118] [119]
\openout10 = `main.listing'.

 (./_minted-main/A7F24F88430D04E456184B042856F3FCECA43E68929C128CBEDBF6B90FA12E36.pygtex) [120] [121] [122] [123] [124] [125] [126] [127] [128] [129]
\openout10 = `main.listing'.

 (./_minted-main/420173D8269AC905D2D08016A1B543B7ECA43E68929C128CBEDBF6B90FA12E36.pygtex) [130] [131] [132] [133] [134] [135] [136]) [137] [138


] (./main.aux (./lab1.aux) (./lab2.aux) (./lab3.aux) (./final-project.aux))

LaTeX Warning: There were undefined references.


LaTeX Warning: Label(s) may have changed. Rerun to get cross-references right.


Package rerunfilecheck Warning: File `main.out' has changed.
(rerunfilecheck)                Rerun to get outlines right
(rerunfilecheck)                or use package `bookmark'.

Package rerunfilecheck Info: Checksums for `main.out':
(rerunfilecheck)             Before: <no file>
(rerunfilecheck)             After:  1A399611B37584779C752F282538AF6E;8497.
runsystem(rm main.pyg)...executed.

 ) 
Here is how much of TeX's memory you used:
 34649 strings out of 478579
 684559 string characters out of 5853443
 1270942 words of memory out of 5000000
 51516 multiletter control sequences out of 15000+600000
 426455 words of font info for 84 fonts, out of 8000000 for 9000
 1141 hyphenation exceptions out of 8191
 99i,13n,117p,1025b,1514s stack positions out of 5000i,500n,10000p,200000b,80000s
{/usr/local/texlive/2021/texmf-dist/fonts/enc/dvips/cm-super/cm-super-t1.enc}{/usr/local/texlive/2021/texmf-dist/fonts/enc/dvips/cm-super/cm-super-ts1.enc}</usr/local/texlive/2021/texmf-dist/fonts/type1/public/amsfonts/cm/cmex10.pfb></usr/local/texlive/2021/texmf-dist/fonts/type1/public/amsfonts/cm/cmmi10.pfb></usr/local/texlive/2021/texmf-dist/fonts/type1/public/amsfonts/cm/cmmi12.pfb></usr/local/texlive/2021/texmf-dist/fonts/type1/public/amsfonts/cm/cmmi6.pfb></usr/local/texlive/2021/texmf-dist/fonts/type1/public/amsfonts/cm/cmr10.pfb></usr/local/texlive/2021/texmf-dist/fonts/type1/public/amsfonts/cm/cmr12.pfb></usr/local/texlive/2021/texmf-dist/fonts/type1/public/amsfonts/cm/cmsy10.pfb></usr/local/texlive/2021/texmf-dist/fonts/type1/public/amsfonts/cm/cmsy6.pfb></usr/local/texlive/2021/texmf-dist/fonts/type1/public/amsfonts/cm/cmsy7.pfb></usr/local/texlive/2021/texmf-dist/fonts/type1/public/cm-super/sfbx1200.pfb></usr/local/texlive/2021/texmf-dist/fonts/type1/public/cm-super/sfbx1440.pfb></usr/local/texlive/2021/texmf-dist/fonts/type1/public/cm-super/sfbx1728.pfb></usr/local/texlive/2021/texmf-dist/fonts/type1/public/cm-super/sfbx2488.pfb></usr/local/texlive/2021/texmf-dist/fonts/type1/public/cm-super/sfcc1728.pfb></usr/local/texlive/2021/texmf-dist/fonts/type1/public/cm-super/sfcc2074.pfb></usr/local/texlive/2021/texmf-dist/fonts/type1/public/cm-super/sfit1095.pfb></usr/local/texlive/2021/texmf-dist/fonts/type1/public/cm-super/sfrm0600.pfb></usr/local/texlive/2021/texmf-dist/fonts/type1/public/cm-super/sfrm1200.pfb></usr/local/texlive/2021/texmf-dist/fonts/type1/public/cm-super/sfrm1440.pfb></usr/local/texlive/2021/texmf-dist/fonts/type1/public/cm-super/sfrm1728.pfb></usr/local/texlive/2021/texmf-dist/fonts/type1/public/cm-super/sfti1440.pfb></usr/local/texlive/2021/texmf-dist/fonts/type1/public/cm-super/sftt1095.pfb></usr/local/texlive/2021/texmf-dist/fonts/type1/public/cm-super/sftt1200.pfb></usr/local/texlive/2021/texmf-dist/fonts/type1/public/cm-super/sftt1440.pfb>
Output written on main.pdf (139 pages, 894238 bytes).
PDF statistics:
 904 PDF objects out of 1000 (max. 8388607)
 699 compressed objects within 7 object streams
 249 named destinations out of 1000 (max. 500000)
 28 words of extra memory for PDF output out of 10000 (max. 10000000)

