\BOOKMARK [1][-]{section.1}{\376\377\000I\000n\000t\000r\000o\000d\000u\000c\000t\000i\000o\000n}{}% 1
\BOOKMARK [1][-]{section.2}{\376\377\000L\000a\000b\000\040\0001}{}% 2
\BOOKMARK [2][-]{subsection.2.1}{\376\377\000S\000o\000l\000u\000t\000i\000o\000n}{section.2}% 3
\BOOKMARK [3][-]{subsubsection.2.1.1}{\376\377\000N\000a\000i\000v\000e\000\040\000G\000r\000e\000e\000d\000y}{subsection.2.1}% 4
\BOOKMARK [3][-]{subsubsection.2.1.2}{\376\377\000G\000r\000e\000e\000d\000y\000\040\000w\000i\000t\000h\000\040\000b\000a\000s\000i\000c\000\040\000h\000e\000u\000r\000i\000s\000t\000i\000c\000\040\000a\000p\000p\000r\000o\000x\000i\000m\000a\000t\000i\000o\000n}{subsection.2.1}% 5
\BOOKMARK [3][-]{subsubsection.2.1.3}{\376\377\000A\000*\000\040\000S\000e\000a\000r\000c\000h\000\040\000U\000s\000i\000n\000g\000\040\000a\000\040\000P\000r\000i\000o\000r\000i\000t\000y\000\040\000Q\000u\000e\000u\000e}{subsection.2.1}% 6
\BOOKMARK [3][-]{subsubsection.2.1.4}{\376\377\000A\000*\000\040\000S\000e\000a\000r\000c\000h\000\040\000w\000i\000t\000h\000\040\000F\000u\000l\000l\000y\000\040\000C\000o\000n\000n\000e\000c\000t\000e\000d\000\040\000G\000r\000a\000p\000h\000\040\000\050\000F\000a\000i\000l\000e\000d\000\040\000I\000d\000e\000a\000\051}{subsection.2.1}% 7
\BOOKMARK [2][-]{subsection.2.2}{\376\377\000R\000e\000s\000u\000l\000t\000s}{section.2}% 8
\BOOKMARK [2][-]{subsection.2.3}{\376\377\000R\000e\000c\000e\000i\000v\000e\000d\000\040\000R\000e\000v\000i\000e\000w\000s}{section.2}% 9
\BOOKMARK [2][-]{subsection.2.4}{\376\377\000G\000i\000v\000e\000n\000\040\000R\000e\000v\000i\000e\000w\000s}{section.2}% 10
\BOOKMARK [1][-]{section.3}{\376\377\000L\000a\000b\000\040\0002}{}% 11
\BOOKMARK [2][-]{subsection.3.1}{\376\377\000S\000o\000l\000u\000t\000i\000o\000n}{section.3}% 12
\BOOKMARK [2][-]{subsection.3.2}{\376\377\000R\000e\000s\000u\000l\000t\000s}{section.3}% 13
\BOOKMARK [2][-]{subsection.3.3}{\376\377\000R\000e\000c\000e\000i\000v\000e\000d\000\040\000R\000e\000v\000i\000e\000w\000s}{section.3}% 14
\BOOKMARK [2][-]{subsection.3.4}{\376\377\000G\000i\000v\000e\000n\000\040\000R\000e\000v\000i\000e\000w\000s}{section.3}% 15
\BOOKMARK [1][-]{section.4}{\376\377\000L\000a\000b\000\040\0003}{}% 16
\BOOKMARK [2][-]{subsection.4.1}{\376\377\000S\000o\000l\000u\000t\000i\000o\000n}{section.4}% 17
\BOOKMARK [3][-]{subsubsection.4.1.1}{\376\377\000F\000i\000x\000e\000d\000\040\000R\000u\000l\000e\000s}{subsection.4.1}% 18
\BOOKMARK [3][-]{subsubsection.4.1.2}{\376\377\000E\000v\000o\000l\000v\000e\000d\000\040\000A\000g\000e\000n\000t\000\040\000A\000p\000p\000r\000o\000a\000c\000h\000\040\0001}{subsection.4.1}% 19
\BOOKMARK [3][-]{subsubsection.4.1.3}{\376\377\000E\000v\000o\000l\000v\000e\000d\000\040\000A\000g\000e\000n\000t\000\040\000A\000p\000p\000r\000o\000a\000c\000h\000\040\0002\000\040\000\050\000P\000r\000o\000b\000a\000b\000i\000l\000i\000t\000y\000\040\000T\000h\000r\000e\000s\000h\000o\000l\000d\000s\000\051}{subsection.4.1}% 20
\BOOKMARK [3][-]{subsubsection.4.1.4}{\376\377\000M\000i\000n\000m\000a\000x}{subsection.4.1}% 21
\BOOKMARK [3][-]{subsubsection.4.1.5}{\376\377\000R\000e\000i\000n\000f\000o\000r\000c\000e\000m\000e\000n\000t\000\040\000L\000e\000a\000r\000n\000i\000n\000g}{subsection.4.1}% 22
\BOOKMARK [2][-]{subsection.4.2}{\376\377\000A\000c\000k\000n\000o\000w\000l\000e\000d\000g\000e\000m\000e\000n\000t\000s}{section.4}% 23
\BOOKMARK [2][-]{subsection.4.3}{\376\377\000R\000e\000c\000e\000i\000v\000e\000d\000\040\000R\000e\000v\000i\000e\000w\000s}{section.4}% 24
\BOOKMARK [2][-]{subsection.4.4}{\376\377\000G\000i\000v\000e\000n\000\040\000R\000e\000v\000i\000e\000w\000s}{section.4}% 25
\BOOKMARK [1][-]{section.5}{\376\377\000C\000o\000n\000c\000l\000u\000s\000i\000o\000n}{}% 26
